16:59:49.790-[DESKTOP-FSAK1AQ][sys]-- INFO 16488 --- [           main] com.tianji.learning.LearningApplication  : The following 1 profile is active: "local"
16:59:50.968-[DESKTOP-FSAK1AQ][sys]-- INFO 16488 --- [           main] .s.d.r.c.RepositoryConfigurationDelegate : Multiple Spring Data modules found, entering strict repository configuration mode
16:59:50.969-[DESKTOP-FSAK1AQ][sys]-- INFO 16488 --- [           main] .s.d.r.c.RepositoryConfigurationDelegate : Bootstrapping Spring Data Redis repositories in DEFAULT mode.
16:59:51.006-[DESKTOP-FSAK1AQ][sys]-- INFO 16488 --- [           main] .s.d.r.c.RepositoryConfigurationDelegate : Finished Spring Data repository scanning in 27 ms. Found 0 Redis repository interfaces.
16:59:51.175-[DESKTOP-FSAK1AQ][sys]-- INFO 16488 --- [           main] o.s.cloud.context.scope.GenericScope     : BeanFactory id=796c4774-1c1e-30bc-bab3-e34af8e19974
16:59:51.350-[DESKTOP-FSAK1AQ][sys]-- INFO 16488 --- [           main] trationDelegate$BeanPostProcessorChecker : Bean 'org.springframework.cloud.commons.config.CommonsConfigAutoConfiguration' of type [org.springframework.cloud.commons.config.CommonsConfigAutoConfiguration] is not eligible for getting processed by all BeanPostProcessors (for example: not eligible for auto-proxying)
16:59:51.353-[DESKTOP-FSAK1AQ][sys]-- INFO 16488 --- [           main] trationDelegate$BeanPostProcessorChecker : Bean 'org.springframework.cloud.client.loadbalancer.LoadBalancerDefaultMappingsProviderAutoConfiguration' of type [org.springframework.cloud.client.loadbalancer.LoadBalancerDefaultMappingsProviderAutoConfiguration] is not eligible for getting processed by all BeanPostProcessors (for example: not eligible for auto-proxying)
16:59:51.353-[DESKTOP-FSAK1AQ][sys]-- INFO 16488 --- [           main] trationDelegate$BeanPostProcessorChecker : Bean 'loadBalancerClientsDefaultsMappingsProvider' of type [org.springframework.cloud.client.loadbalancer.LoadBalancerDefaultMappingsProviderAutoConfiguration$$Lambda$659/0x00000008005ff840] is not eligible for getting processed by all BeanPostProcessors (for example: not eligible for auto-proxying)
16:59:51.354-[DESKTOP-FSAK1AQ][sys]-- INFO 16488 --- [           main] trationDelegate$BeanPostProcessorChecker : Bean 'defaultsBindHandlerAdvisor' of type [org.springframework.cloud.commons.config.DefaultsBindHandlerAdvisor] is not eligible for getting processed by all BeanPostProcessors (for example: not eligible for auto-proxying)
16:59:51.370-[DESKTOP-FSAK1AQ][sys]-- INFO 16488 --- [           main] trationDelegate$BeanPostProcessorChecker : Bean 'spring.cloud.sentinel-com.alibaba.cloud.sentinel.SentinelProperties' of type [com.alibaba.cloud.sentinel.SentinelProperties] is not eligible for getting processed by all BeanPostProcessors (for example: not eligible for auto-proxying)
16:59:51.372-[DESKTOP-FSAK1AQ][sys]-- INFO 16488 --- [           main] trationDelegate$BeanPostProcessorChecker : Bean 'com.alibaba.cloud.sentinel.custom.SentinelAutoConfiguration' of type [com.alibaba.cloud.sentinel.custom.SentinelAutoConfiguration] is not eligible for getting processed by all BeanPostProcessors (for example: not eligible for auto-proxying)
16:59:51.533-[DESKTOP-FSAK1AQ][sys]-- INFO 16488 --- [           main] o.s.b.w.embedded.tomcat.TomcatWebServer  : Tomcat initialized with port(s): 8090 (http)
16:59:51.540-[DESKTOP-FSAK1AQ][sys]-- INFO 16488 --- [           main] o.apache.catalina.core.StandardService   : Starting service [Tomcat]
16:59:51.540-[DESKTOP-FSAK1AQ][sys]-- INFO 16488 --- [           main] org.apache.catalina.core.StandardEngine  : Starting Servlet engine: [Apache Tomcat/9.0.65]
16:59:51.651-[DESKTOP-FSAK1AQ][sys]-- INFO 16488 --- [           main] o.a.c.c.C.[Tomcat].[localhost].[/]       : Initializing Spring embedded WebApplicationContext
16:59:51.651-[DESKTOP-FSAK1AQ][sys]-- INFO 16488 --- [           main] w.s.c.ServletWebServerApplicationContext : Root WebApplicationContext: initialization completed in 1850 ms
16:59:51.801-[DESKTOP-FSAK1AQ][sys]-- INFO 16488 --- [           main] o.s.c.openfeign.FeignClientFactoryBean   : For 'user-service' URL not provided. Will try picking an instance via load-balancing.
16:59:52.660-[DESKTOP-FSAK1AQ][sys]-- INFO 16488 --- [           main] o.s.c.openfeign.FeignClientFactoryBean   : For 'remark-service' URL not provided. Will try picking an instance via load-balancing.
16:59:52.830-[DESKTOP-FSAK1AQ][sys]-- INFO 16488 --- [           main] o.s.c.openfeign.FeignClientFactoryBean   : For 'course-service' URL not provided. Will try picking an instance via load-balancing.
16:59:52.868-[DESKTOP-FSAK1AQ][sys]-- INFO 16488 --- [           main] o.s.c.openfeign.FeignClientFactoryBean   : For 'course-service' URL not provided. Will try picking an instance via load-balancing.
16:59:52.877-[DESKTOP-FSAK1AQ][sys]-- INFO 16488 --- [           main] o.s.c.openfeign.FeignClientFactoryBean   : For 'course-service' URL not provided. Will try picking an instance via load-balancing.
16:59:52.922-[DESKTOP-FSAK1AQ][sys]-- INFO 16488 --- [           main] o.s.c.openfeign.FeignClientFactoryBean   : For 'search-service' URL not provided. Will try picking an instance via load-balancing.
16:59:53.530-[DESKTOP-FSAK1AQ][sys]-- INFO 16488 --- [           main] c.a.c.sentinel.SentinelWebMvcConfigurer  : [Sentinel Starter] register SentinelWebInterceptor with urlPatterns: [/**].
16:59:53.785-[DESKTOP-FSAK1AQ][sys]-- INFO 16488 --- [           main] o.s.c.openfeign.FeignClientFactoryBean   : For 'auth-service' URL not provided. Will try picking an instance via load-balancing.
16:59:53.807-[DESKTOP-FSAK1AQ][sys]--DEBUG 16488 --- [           main] c.t.c.a.redisson.RedissonConfig          : 尝试初始化RedissonClient
16:59:53.843-[DESKTOP-FSAK1AQ][sys]-- INFO 16488 --- [           main] org.redisson.Version                     : Redisson 3.13.6
16:59:54.097-[DESKTOP-FSAK1AQ][sys]-- INFO 16488 --- [sson-netty-4-18] o.r.c.pool.MasterPubSubConnectionPool    : 1 connections initialized for /192.168.150.101:6379
16:59:54.113-[DESKTOP-FSAK1AQ][sys]-- INFO 16488 --- [sson-netty-4-19] o.r.c.pool.MasterConnectionPool          : 24 connections initialized for /192.168.150.101:6379
16:59:54.152-[DESKTOP-FSAK1AQ][sys]-- INFO 16488 --- [           main] c.t.c.autoconfigure.xxljob.XxlJobConfig  : >>>>>>>>>>> xxl-job config init.
16:59:54.153-[DESKTOP-FSAK1AQ][sys]-- INFO 16488 --- [           main] c.t.c.autoconfigure.xxljob.XxlJobConfig  : >>>>>>>>>>> xxl-job config end.
16:59:55.461-[DESKTOP-FSAK1AQ][sys]-- INFO 16488 --- [           main] o.s.cloud.commons.util.InetUtils         : Cannot determine local hostname
16:59:55.551-[DESKTOP-FSAK1AQ][sys]-- INFO 16488 --- [           main] c.xxl.job.core.executor.XxlJobExecutor   : >>>>>>>>>>> xxl-job register jobhandler success, name:savePointsBoard2Db, jobHandler:com.xxl.job.core.handler.impl.MethodJobHandler@1a6ab328[class com.tianji.learning.handler.PointsBoardPersistentHandler#savePointsBoard2Db]
16:59:55.551-[DESKTOP-FSAK1AQ][sys]-- INFO 16488 --- [           main] c.xxl.job.core.executor.XxlJobExecutor   : >>>>>>>>>>> xxl-job register jobhandler success, name:deletePointsBoard, jobHandler:com.xxl.job.core.handler.impl.MethodJobHandler@4e24db00[class com.tianji.learning.handler.PointsBoardPersistentHandler#deletePointsBoard]
16:59:55.552-[DESKTOP-FSAK1AQ][sys]-- INFO 16488 --- [           main] c.xxl.job.core.executor.XxlJobExecutor   : >>>>>>>>>>> xxl-job register jobhandler success, name:createTableJob, jobHandler:com.xxl.job.core.handler.impl.MethodJobHandler@3a02172a[class com.tianji.learning.handler.PointsBoardPersistentHandler#createPointsBoardTableOfLastSeason]
16:59:55.552-[DESKTOP-FSAK1AQ][sys]-- INFO 16488 --- [           main] c.xxl.job.core.executor.XxlJobExecutor   : >>>>>>>>>>> xxl-job register jobhandler success, name:createPointsBoardTableBySeason, jobHandler:com.xxl.job.core.handler.impl.MethodJobHandler@452d4bb2[class com.tianji.learning.handler.PointsBoardPersistentHandler#createPointsBoardTableBySeason]
16:59:55.552-[DESKTOP-FSAK1AQ][sys]-- INFO 16488 --- [           main] c.xxl.job.core.executor.XxlJobExecutor   : >>>>>>>>>>> xxl-job register jobhandler success, name:savePointsBoardToOtherTable, jobHandler:com.xxl.job.core.handler.impl.MethodJobHandler@a1143cc[class com.tianji.learning.handler.PointsBoardPersistentHandler#savePointsBoardToOtherTable]
16:59:55.552-[DESKTOP-FSAK1AQ][sys]-- INFO 16488 --- [           main] c.xxl.job.core.executor.XxlJobExecutor   : >>>>>>>>>>> xxl-job register jobhandler success, name:clearPointsBoardFromRedis, jobHandler:com.xxl.job.core.handler.impl.MethodJobHandler@62857555[class com.tianji.learning.handler.PointsBoardPersistentHandler#clearPointsBoardFromRedis]
16:59:55.568-[DESKTOP-FSAK1AQ][sys]-- INFO 16488 --- [           main] o.s.c.openfeign.FeignClientFactoryBean   : For 'course-service' URL not provided. Will try picking an instance via load-balancing.
16:59:55.582-[DESKTOP-FSAK1AQ][sys]-- INFO 16488 --- [           main] o.s.c.openfeign.FeignClientFactoryBean   : For 'exam-service' URL not provided. Will try picking an instance via load-balancing.
16:59:55.606-[DESKTOP-FSAK1AQ][sys]-- INFO 16488 --- [           main] o.s.c.openfeign.FeignClientFactoryBean   : For 'learning-service' URL not provided. Will try picking an instance via load-balancing.
16:59:55.613-[DESKTOP-FSAK1AQ][sys]-- INFO 16488 --- [           main] o.s.c.openfeign.FeignClientFactoryBean   : For 'trade-service' URL not provided. Will try picking an instance via load-balancing.
16:59:55.664-[DESKTOP-FSAK1AQ][sys]-- INFO 16488 --- [      Thread-12] com.xxl.job.core.server.EmbedServer      : >>>>>>>>>>> xxl-job remoting server start success, nettype = class com.xxl.job.core.server.EmbedServer, port = 9999
16:59:55.722-[DESKTOP-FSAK1AQ][sys]-- INFO 16488 --- [           main] com.alibaba.nacos.client.naming          : initializer namespace from System Property :null
16:59:55.722-[DESKTOP-FSAK1AQ][sys]-- INFO 16488 --- [           main] com.alibaba.nacos.client.naming          : initializer namespace from System Environment :null
16:59:55.723-[DESKTOP-FSAK1AQ][sys]-- INFO 16488 --- [           main] com.alibaba.nacos.client.naming          : initializer namespace from System Property :null
16:59:55.756-[DESKTOP-FSAK1AQ][sys]-- INFO 16488 --- [           main] o.s.b.w.embedded.tomcat.TomcatWebServer  : Tomcat started on port(s): 8090 (http) with context path ''
16:59:55.759-[DESKTOP-FSAK1AQ][sys]-- INFO 16488 --- [           main] com.alibaba.nacos.client.naming          : [BEAT] adding beat: BeatInfo{port=8090, ip='192.168.150.1', weight=1.0, serviceName='DEFAULT_GROUP@@learning-service', cluster='DEFAULT', metadata={preserved.register.source=SPRING_CLOUD}, scheduled=false, period=5000, stopped=false} to beat map.
16:59:55.759-[DESKTOP-FSAK1AQ][sys]-- INFO 16488 --- [           main] com.alibaba.nacos.client.naming          : [REGISTER-SERVICE] f923fb34-cb0a-4c06-8fca-ad61ea61a3f0 registering service DEFAULT_GROUP@@learning-service with instance: Instance{instanceId='null', ip='192.168.150.1', port=8090, weight=1.0, healthy=true, enabled=true, ephemeral=true, clusterName='DEFAULT', serviceName='null', metadata={preserved.register.source=SPRING_CLOUD}}
16:59:55.788-[DESKTOP-FSAK1AQ][sys]-- INFO 16488 --- [           main] c.a.c.n.registry.NacosServiceRegistry    : nacos registry, DEFAULT_GROUP learning-service 192.168.150.1:8090 register finished
16:59:56.276-[DESKTOP-FSAK1AQ][sys]-- INFO 16488 --- [g.push.receiver] com.alibaba.nacos.client.naming          : received push data: {"type":"dom","data":"{\"name\":\"DEFAULT_GROUP@@learning-service\",\"clusters\":\"DEFAULT\",\"cacheMillis\":10000,\"hosts\":[{\"instanceId\":\"192.168.150.1#8090#DEFAULT#DEFAULT_GROUP@@learning-service\",\"ip\":\"192.168.150.1\",\"port\":8090,\"weight\":1.0,\"healthy\":true,\"enabled\":true,\"ephemeral\":true,\"clusterName\":\"DEFAULT\",\"serviceName\":\"DEFAULT_GROUP@@learning-service\",\"metadata\":{\"preserved.register.source\":\"SPRING_CLOUD\"},\"instanceHeartBeatInterval\":5000,\"instanceHeartBeatTimeOut\":15000,\"ipDeleteTimeout\":30000}],\"lastRefTime\":1745053196367,\"checksum\":\"\",\"allIPs\":false,\"reachProtectionThreshold\":false,\"valid\":true}","lastRefTime":225612914445} from /192.168.150.101
16:59:56.281-[DESKTOP-FSAK1AQ][sys]-- INFO 16488 --- [g.push.receiver] com.alibaba.nacos.client.naming          : new ips(1) service: DEFAULT_GROUP@@learning-service@@DEFAULT -> [{"instanceId":"192.168.150.1#8090#DEFAULT#DEFAULT_GROUP@@learning-service","ip":"192.168.150.1","port":8090,"weight":1.0,"healthy":true,"enabled":true,"ephemeral":true,"clusterName":"DEFAULT","serviceName":"DEFAULT_GROUP@@learning-service","metadata":{"preserved.register.source":"SPRING_CLOUD"},"ipDeleteTimeout":30000,"instanceHeartBeatTimeOut":15000,"instanceHeartBeatInterval":5000}]
16:59:56.291-[DESKTOP-FSAK1AQ][sys]-- INFO 16488 --- [g.push.receiver] com.alibaba.nacos.client.naming          : current ips:(1) service: DEFAULT_GROUP@@learning-service@@DEFAULT -> [{"instanceId":"192.168.150.1#8090#DEFAULT#DEFAULT_GROUP@@learning-service","ip":"192.168.150.1","port":8090,"weight":1.0,"healthy":true,"enabled":true,"ephemeral":true,"clusterName":"DEFAULT","serviceName":"DEFAULT_GROUP@@learning-service","metadata":{"preserved.register.source":"SPRING_CLOUD"},"ipDeleteTimeout":30000,"instanceHeartBeatTimeOut":15000,"instanceHeartBeatInterval":5000}]
16:59:56.980-[DESKTOP-FSAK1AQ][sys]-- INFO 16488 --- [           main] o.s.cloud.commons.util.InetUtils         : Cannot determine local hostname
16:59:57.188-[DESKTOP-FSAK1AQ][sys]-- INFO 16488 --- [           main] o.s.a.r.c.CachingConnectionFactory       : Attempting to connect to: [192.168.150.101:5672]
16:59:57.220-[DESKTOP-FSAK1AQ][sys]-- INFO 16488 --- [           main] o.s.a.r.c.CachingConnectionFactory       : Created new connection: rabbitConnectionFactory#49322d04:0/SimpleConnection@3d1b6816 [delegate=amqp://tjxt@192.168.150.101:5672//tjxt, localPort= 53538]
16:59:57.431-[DESKTOP-FSAK1AQ][sys]-- INFO 16488 --- [           main] com.tianji.learning.LearningApplication  : Started LearningApplication in 11.02 seconds (JVM running for 16.625)
16:59:57.433-[DESKTOP-FSAK1AQ][sys]-- INFO 16488 --- [           main] c.a.n.client.config.impl.ClientWorker    : [fixed-192.168.150.101_8848] [subscribe] learning-service-local.yaml+DEFAULT_GROUP
16:59:57.434-[DESKTOP-FSAK1AQ][sys]-- INFO 16488 --- [           main] c.a.nacos.client.config.impl.CacheData   : [fixed-192.168.150.101_8848] [add-listener] ok, tenant=, dataId=learning-service-local.yaml, group=DEFAULT_GROUP, cnt=1
16:59:57.434-[DESKTOP-FSAK1AQ][sys]-- INFO 16488 --- [           main] c.a.c.n.refresh.NacosContextRefresher    : listening config: dataId=learning-service-local.yaml, group=DEFAULT_GROUP
16:59:57.434-[DESKTOP-FSAK1AQ][sys]-- INFO 16488 --- [           main] c.a.n.client.config.impl.ClientWorker    : [fixed-192.168.150.101_8848] [subscribe] learning-service.yaml+DEFAULT_GROUP
16:59:57.434-[DESKTOP-FSAK1AQ][sys]-- INFO 16488 --- [           main] c.a.nacos.client.config.impl.CacheData   : [fixed-192.168.150.101_8848] [add-listener] ok, tenant=, dataId=learning-service.yaml, group=DEFAULT_GROUP, cnt=1
16:59:57.434-[DESKTOP-FSAK1AQ][sys]-- INFO 16488 --- [           main] c.a.c.n.refresh.NacosContextRefresher    : listening config: dataId=learning-service.yaml, group=DEFAULT_GROUP
16:59:57.434-[DESKTOP-FSAK1AQ][sys]-- INFO 16488 --- [           main] c.a.n.client.config.impl.ClientWorker    : [fixed-192.168.150.101_8848] [subscribe] learning-service+DEFAULT_GROUP
16:59:57.434-[DESKTOP-FSAK1AQ][sys]-- INFO 16488 --- [           main] c.a.nacos.client.config.impl.CacheData   : [fixed-192.168.150.101_8848] [add-listener] ok, tenant=, dataId=learning-service, group=DEFAULT_GROUP, cnt=1
16:59:57.434-[DESKTOP-FSAK1AQ][sys]-- INFO 16488 --- [           main] c.a.c.n.refresh.NacosContextRefresher    : listening config: dataId=learning-service, group=DEFAULT_GROUP
16:59:57.435-[DESKTOP-FSAK1AQ][sys]-- INFO 16488 --- [           main] com.tianji.learning.LearningApplication  : --/
---------------------------------------------------------------------------------------
	Application 'learning-service' is running! Access URLs:
	Local: 		http://localhost:8090
	External: 	http://192.168.150.1:8090
	Profile(s): 	[local]
---------------------------------------------------------------------------------------
16:59:58.688-[DESKTOP-FSAK1AQ][sys]--ERROR 16488 --- [rRegistryThread] c.xxl.job.core.util.XxlJobRemotingUtil   : Read timed out
java.net.SocketTimeoutException: Read timed out
	at java.base/java.net.SocketInputStream.socketRead0(Native Method) ~[na:na]
	at java.base/java.net.SocketInputStream.socketRead(SocketInputStream.java:115) ~[na:na]
	at java.base/java.net.SocketInputStream.read(SocketInputStream.java:168) ~[na:na]
	at java.base/java.net.SocketInputStream.read(SocketInputStream.java:140) ~[na:na]
	at java.base/java.io.BufferedInputStream.fill(BufferedInputStream.java:252) ~[na:na]
	at java.base/java.io.BufferedInputStream.read1(BufferedInputStream.java:292) ~[na:na]
	at java.base/java.io.BufferedInputStream.read(BufferedInputStream.java:351) ~[na:na]
	at java.base/sun.net.www.http.HttpClient.parseHTTPHeader(HttpClient.java:746) ~[na:na]
	at java.base/sun.net.www.http.HttpClient.parseHTTP(HttpClient.java:689) ~[na:na]
	at java.base/sun.net.www.protocol.http.HttpURLConnection.getInputStream0(HttpURLConnection.java:1615) ~[na:na]
	at java.base/sun.net.www.protocol.http.HttpURLConnection.getInputStream(HttpURLConnection.java:1520) ~[na:na]
	at java.base/java.net.HttpURLConnection.getResponseCode(HttpURLConnection.java:527) ~[na:na]
	at com.xxl.job.core.util.XxlJobRemotingUtil.postBody(XxlJobRemotingUtil.java:119) ~[xxl-job-core-2.3.1.jar:na]
	at com.xxl.job.core.biz.client.AdminBizClient.registry(AdminBizClient.java:42) ~[xxl-job-core-2.3.1.jar:na]
	at com.xxl.job.core.thread.ExecutorRegistryThread$1.run(ExecutorRegistryThread.java:48) ~[xxl-job-core-2.3.1.jar:na]
	at java.base/java.lang.Thread.run(Thread.java:834) ~[na:na]
16:59:58.688-[DESKTOP-FSAK1AQ][sys]-- INFO 16488 --- [rRegistryThread] c.x.j.c.thread.ExecutorRegistryThread    : >>>>>>>>>>> xxl-job registry fail, registryParam:RegistryParam{registryGroup='EXECUTOR', registryKey='learning-service', registryValue='http://192.168.150.1:9999/'}, registryResult:ReturnT [code=500, msg=xxl-job remoting error(Read timed out), for url : http://192.168.150.101:8880/xxl-job-admin/api/registry, content=null]
17:02:56.318-[DESKTOP-FSAK1AQ][sys]-- WARN 16488 --- [      Thread-19] c.a.nacos.common.notify.NotifyCenter     : [NotifyCenter] Start destroying Publisher
17:02:56.318-[DESKTOP-FSAK1AQ][sys]-- WARN 16488 --- [       Thread-1] c.a.n.common.http.HttpClientBeanHolder   : [HttpClientBeanHolder] Start destroying common HttpClient
17:02:56.318-[DESKTOP-FSAK1AQ][sys]-- WARN 16488 --- [      Thread-19] c.a.nacos.common.notify.NotifyCenter     : [NotifyCenter] Destruction of the end
17:02:56.318-[DESKTOP-FSAK1AQ][sys]-- WARN 16488 --- [       Thread-1] c.a.n.common.http.HttpClientBeanHolder   : [HttpClientBeanHolder] Destruction of the end
17:02:56.323-[DESKTOP-FSAK1AQ][sys]-- INFO 16488 --- [ntContainer#0-2] o.s.a.r.l.SimpleMessageListenerContainer : Waiting for workers to finish.
17:02:56.324-[DESKTOP-FSAK1AQ][sys]-- INFO 16488 --- [ntContainer#1-2] o.s.a.r.l.SimpleMessageListenerContainer : Waiting for workers to finish.
17:02:56.324-[DESKTOP-FSAK1AQ][sys]-- INFO 16488 --- [ntContainer#2-2] o.s.a.r.l.SimpleMessageListenerContainer : Waiting for workers to finish.
17:02:56.325-[DESKTOP-FSAK1AQ][sys]-- INFO 16488 --- [ntContainer#3-2] o.s.a.r.l.SimpleMessageListenerContainer : Waiting for workers to finish.
17:02:56.325-[DESKTOP-FSAK1AQ][sys]-- INFO 16488 --- [ntContainer#4-2] o.s.a.r.l.SimpleMessageListenerContainer : Waiting for workers to finish.
17:02:56.326-[DESKTOP-FSAK1AQ][sys]-- INFO 16488 --- [ntContainer#5-2] o.s.a.r.l.SimpleMessageListenerContainer : Waiting for workers to finish.
17:02:56.327-[DESKTOP-FSAK1AQ][sys]-- INFO 16488 --- [ntContainer#6-2] o.s.a.r.l.SimpleMessageListenerContainer : Waiting for workers to finish.
17:02:56.327-[DESKTOP-FSAK1AQ][sys]-- INFO 16488 --- [ntContainer#7-2] o.s.a.r.l.SimpleMessageListenerContainer : Waiting for workers to finish.
17:02:56.328-[DESKTOP-FSAK1AQ][sys]-- INFO 16488 --- [ntContainer#8-2] o.s.a.r.l.SimpleMessageListenerContainer : Waiting for workers to finish.
17:02:57.107-[DESKTOP-FSAK1AQ][sys]-- INFO 16488 --- [ntContainer#1-2] o.s.a.r.l.SimpleMessageListenerContainer : Successfully waited for workers to finish.
17:02:57.107-[DESKTOP-FSAK1AQ][sys]-- INFO 16488 --- [ntContainer#0-2] o.s.a.r.l.SimpleMessageListenerContainer : Successfully waited for workers to finish.
17:02:57.230-[DESKTOP-FSAK1AQ][sys]-- INFO 16488 --- [ntContainer#5-2] o.s.a.r.l.SimpleMessageListenerContainer : Successfully waited for workers to finish.
17:02:57.230-[DESKTOP-FSAK1AQ][sys]-- INFO 16488 --- [ntContainer#4-2] o.s.a.r.l.SimpleMessageListenerContainer : Successfully waited for workers to finish.
17:02:57.230-[DESKTOP-FSAK1AQ][sys]-- INFO 16488 --- [ntContainer#2-2] o.s.a.r.l.SimpleMessageListenerContainer : Successfully waited for workers to finish.
17:02:57.231-[DESKTOP-FSAK1AQ][sys]-- INFO 16488 --- [ntContainer#3-2] o.s.a.r.l.SimpleMessageListenerContainer : Successfully waited for workers to finish.
17:02:57.231-[DESKTOP-FSAK1AQ][sys]-- INFO 16488 --- [ntContainer#6-2] o.s.a.r.l.SimpleMessageListenerContainer : Successfully waited for workers to finish.
17:02:57.231-[DESKTOP-FSAK1AQ][sys]-- INFO 16488 --- [ntContainer#7-2] o.s.a.r.l.SimpleMessageListenerContainer : Successfully waited for workers to finish.
17:02:57.261-[DESKTOP-FSAK1AQ][sys]-- INFO 16488 --- [ntContainer#8-2] o.s.a.r.l.SimpleMessageListenerContainer : Successfully waited for workers to finish.
17:02:57.400-[DESKTOP-FSAK1AQ][sys]-- INFO 16488 --- [      Thread-12] com.xxl.job.core.server.EmbedServer      : >>>>>>>>>>> xxl-job remoting server stop.
17:02:57.406-[DESKTOP-FSAK1AQ][sys]-- INFO 16488 --- [rRegistryThread] c.x.j.c.thread.ExecutorRegistryThread    : >>>>>>>>>>> xxl-job registry-remove success, registryParam:RegistryParam{registryGroup='EXECUTOR', registryKey='learning-service', registryValue='http://192.168.150.1:9999/'}, registryResult:ReturnT [code=200, msg=null, content=null]
17:02:57.406-[DESKTOP-FSAK1AQ][sys]-- INFO 16488 --- [rRegistryThread] c.x.j.c.thread.ExecutorRegistryThread    : >>>>>>>>>>> xxl-job, executor registry thread destroy.
17:02:57.406-[DESKTOP-FSAK1AQ][sys]-- INFO 16488 --- [ionShutdownHook] com.xxl.job.core.server.EmbedServer      : >>>>>>>>>>> xxl-job remoting server destroy success.
17:02:57.407-[DESKTOP-FSAK1AQ][sys]-- INFO 16488 --- [FileCleanThread] c.x.j.core.thread.JobLogFileCleanThread  : >>>>>>>>>>> xxl-job, executor JobLogFileCleanThread thread destroy.
17:02:57.407-[DESKTOP-FSAK1AQ][sys]-- INFO 16488 --- [rCallbackThread] c.x.j.core.thread.TriggerCallbackThread  : >>>>>>>>>>> xxl-job, executor callback thread destroy.
17:02:57.407-[DESKTOP-FSAK1AQ][sys]-- INFO 16488 --- [      Thread-11] c.x.j.core.thread.TriggerCallbackThread  : >>>>>>>>>>> xxl-job, executor retry callback thread destroy.
17:02:57.422-[DESKTOP-FSAK1AQ][sys]-- INFO 16488 --- [ionShutdownHook] c.a.c.n.registry.NacosServiceRegistry    : De-registering from Nacos Server now...
17:02:57.423-[DESKTOP-FSAK1AQ][sys]-- INFO 16488 --- [ionShutdownHook] com.alibaba.nacos.client.naming          : [BEAT] removing beat: DEFAULT_GROUP@@learning-service:192.168.150.1:8090 from beat map.
17:02:57.423-[DESKTOP-FSAK1AQ][sys]-- INFO 16488 --- [ionShutdownHook] com.alibaba.nacos.client.naming          : [DEREGISTER-SERVICE] f923fb34-cb0a-4c06-8fca-ad61ea61a3f0 deregistering service DEFAULT_GROUP@@learning-service with instance: Instance{instanceId='null', ip='192.168.150.1', port=8090, weight=1.0, healthy=true, enabled=true, ephemeral=true, clusterName='DEFAULT', serviceName='null', metadata={}}
17:02:57.425-[DESKTOP-FSAK1AQ][sys]-- INFO 16488 --- [ionShutdownHook] c.a.c.n.registry.NacosServiceRegistry    : De-registration finished.
17:02:57.425-[DESKTOP-FSAK1AQ][sys]-- INFO 16488 --- [ionShutdownHook] com.alibaba.nacos.client.naming          : com.alibaba.nacos.client.naming.beat.BeatReactor do shutdown begin
17:02:58.024-[DESKTOP-FSAK1AQ][sys]-- INFO 16488 --- [g.push.receiver] com.alibaba.nacos.client.naming          : received push data: {"type":"dom","data":"{\"name\":\"DEFAULT_GROUP@@learning-service\",\"clusters\":\"DEFAULT\",\"cacheMillis\":10000,\"hosts\":[],\"lastRefTime\":1745053378116,\"checksum\":\"\",\"allIPs\":false,\"reachProtectionThreshold\":false,\"valid\":true}","lastRefTime":407361868618} from /192.168.150.101
17:02:58.024-[DESKTOP-FSAK1AQ][sys]-- INFO 16488 --- [g.push.receiver] com.alibaba.nacos.client.naming          : removed ips(1) service: DEFAULT_GROUP@@learning-service@@DEFAULT -> [{"instanceId":"192.168.150.1#8090#DEFAULT#DEFAULT_GROUP@@learning-service","ip":"192.168.150.1","port":8090,"weight":1.0,"healthy":true,"enabled":true,"ephemeral":true,"clusterName":"DEFAULT","serviceName":"DEFAULT_GROUP@@learning-service","metadata":{"preserved.register.source":"SPRING_CLOUD"},"ipDeleteTimeout":30000,"instanceHeartBeatTimeOut":15000,"instanceHeartBeatInterval":5000}]
17:02:58.030-[DESKTOP-FSAK1AQ][sys]-- INFO 16488 --- [g.push.receiver] com.alibaba.nacos.client.naming          : current ips:(0) service: DEFAULT_GROUP@@learning-service@@DEFAULT -> []
17:03:00.450-[DESKTOP-FSAK1AQ][sys]-- INFO 16488 --- [ionShutdownHook] com.alibaba.nacos.client.naming          : com.alibaba.nacos.client.naming.beat.BeatReactor do shutdown stop
17:03:00.450-[DESKTOP-FSAK1AQ][sys]-- INFO 16488 --- [ionShutdownHook] com.alibaba.nacos.client.naming          : com.alibaba.nacos.client.naming.core.HostReactor do shutdown begin
17:03:03.482-[DESKTOP-FSAK1AQ][sys]-- INFO 16488 --- [ionShutdownHook] com.alibaba.nacos.client.naming          : com.alibaba.nacos.client.naming.core.PushReceiver do shutdown begin
17:03:06.485-[DESKTOP-FSAK1AQ][sys]-- INFO 16488 --- [ionShutdownHook] com.alibaba.nacos.client.naming          : com.alibaba.nacos.client.naming.core.PushReceiver do shutdown stop
17:03:06.485-[DESKTOP-FSAK1AQ][sys]-- INFO 16488 --- [ionShutdownHook] com.alibaba.nacos.client.naming          : com.alibaba.nacos.client.naming.backups.FailoverReactor do shutdown begin
17:03:06.485-[DESKTOP-FSAK1AQ][sys]-- INFO 16488 --- [ionShutdownHook] com.alibaba.nacos.client.naming          : com.alibaba.nacos.client.naming.backups.FailoverReactor do shutdown stop
17:03:06.485-[DESKTOP-FSAK1AQ][sys]-- INFO 16488 --- [ionShutdownHook] com.alibaba.nacos.client.naming          : com.alibaba.nacos.client.naming.core.HostReactor do shutdown stop
17:03:06.485-[DESKTOP-FSAK1AQ][sys]-- INFO 16488 --- [ionShutdownHook] com.alibaba.nacos.client.naming          : com.alibaba.nacos.client.naming.net.NamingProxy do shutdown begin
17:03:06.485-[DESKTOP-FSAK1AQ][sys]-- WARN 16488 --- [ionShutdownHook] com.alibaba.nacos.client.naming          : [NamingHttpClientManager] Start destroying NacosRestTemplate
17:03:06.485-[DESKTOP-FSAK1AQ][sys]-- WARN 16488 --- [ionShutdownHook] com.alibaba.nacos.client.naming          : [NamingHttpClientManager] Destruction of the end
17:03:06.485-[DESKTOP-FSAK1AQ][sys]-- INFO 16488 --- [ionShutdownHook] c.a.n.client.identify.CredentialWatcher  : [null] CredentialWatcher is stopped
17:03:06.485-[DESKTOP-FSAK1AQ][sys]-- INFO 16488 --- [ionShutdownHook] c.a.n.client.identify.CredentialService  : [null] CredentialService is freed
17:03:06.485-[DESKTOP-FSAK1AQ][sys]-- INFO 16488 --- [ionShutdownHook] com.alibaba.nacos.client.naming          : com.alibaba.nacos.client.naming.net.NamingProxy do shutdown stop
17:03:06.488-[DESKTOP-FSAK1AQ][sys]--DEBUG 16488 --- [ionShutdownHook] c.t.l.u.LearningRecordDelayTaskHandler   : 延迟任务停止执行！
17:03:06.499-[DESKTOP-FSAK1AQ][sys]-- INFO 16488 --- [ionShutdownHook] o.s.a.r.l.SimpleMessageListenerContainer : Shutdown ignored - container is already stopped
17:03:06.499-[DESKTOP-FSAK1AQ][sys]-- INFO 16488 --- [ionShutdownHook] o.s.a.r.l.SimpleMessageListenerContainer : Shutdown ignored - container is already stopped
17:03:06.499-[DESKTOP-FSAK1AQ][sys]-- INFO 16488 --- [ionShutdownHook] o.s.a.r.l.SimpleMessageListenerContainer : Shutdown ignored - container is already stopped
17:03:06.499-[DESKTOP-FSAK1AQ][sys]-- INFO 16488 --- [ionShutdownHook] o.s.a.r.l.SimpleMessageListenerContainer : Shutdown ignored - container is already stopped
17:03:06.499-[DESKTOP-FSAK1AQ][sys]-- INFO 16488 --- [ionShutdownHook] o.s.a.r.l.SimpleMessageListenerContainer : Shutdown ignored - container is already stopped
17:03:06.499-[DESKTOP-FSAK1AQ][sys]-- INFO 16488 --- [ionShutdownHook] o.s.a.r.l.SimpleMessageListenerContainer : Shutdown ignored - container is already stopped
17:03:06.499-[DESKTOP-FSAK1AQ][sys]-- INFO 16488 --- [ionShutdownHook] o.s.a.r.l.SimpleMessageListenerContainer : Shutdown ignored - container is already stopped
17:03:06.499-[DESKTOP-FSAK1AQ][sys]-- INFO 16488 --- [ionShutdownHook] o.s.a.r.l.SimpleMessageListenerContainer : Shutdown ignored - container is already stopped
17:03:06.499-[DESKTOP-FSAK1AQ][sys]-- INFO 16488 --- [ionShutdownHook] o.s.a.r.l.SimpleMessageListenerContainer : Shutdown ignored - container is already stopped
17:03:11.747-[DESKTOP-FSAK1AQ][sys]-- INFO 14040 --- [           main] com.tianji.learning.LearningApplication  : The following 1 profile is active: "local"
17:03:12.145-[DESKTOP-FSAK1AQ][sys]-- INFO 14040 --- [           main] .s.d.r.c.RepositoryConfigurationDelegate : Multiple Spring Data modules found, entering strict repository configuration mode
17:03:12.146-[DESKTOP-FSAK1AQ][sys]-- INFO 14040 --- [           main] .s.d.r.c.RepositoryConfigurationDelegate : Bootstrapping Spring Data Redis repositories in DEFAULT mode.
17:03:12.157-[DESKTOP-FSAK1AQ][sys]-- INFO 14040 --- [           main] .s.d.r.c.RepositoryConfigurationDelegate : Finished Spring Data repository scanning in 5 ms. Found 0 Redis repository interfaces.
17:03:12.281-[DESKTOP-FSAK1AQ][sys]-- INFO 14040 --- [           main] o.s.cloud.context.scope.GenericScope     : BeanFactory id=796c4774-1c1e-30bc-bab3-e34af8e19974
17:03:12.403-[DESKTOP-FSAK1AQ][sys]-- INFO 14040 --- [           main] trationDelegate$BeanPostProcessorChecker : Bean 'org.springframework.cloud.commons.config.CommonsConfigAutoConfiguration' of type [org.springframework.cloud.commons.config.CommonsConfigAutoConfiguration] is not eligible for getting processed by all BeanPostProcessors (for example: not eligible for auto-proxying)
17:03:12.404-[DESKTOP-FSAK1AQ][sys]-- INFO 14040 --- [           main] trationDelegate$BeanPostProcessorChecker : Bean 'org.springframework.cloud.client.loadbalancer.LoadBalancerDefaultMappingsProviderAutoConfiguration' of type [org.springframework.cloud.client.loadbalancer.LoadBalancerDefaultMappingsProviderAutoConfiguration] is not eligible for getting processed by all BeanPostProcessors (for example: not eligible for auto-proxying)
17:03:12.405-[DESKTOP-FSAK1AQ][sys]-- INFO 14040 --- [           main] trationDelegate$BeanPostProcessorChecker : Bean 'loadBalancerClientsDefaultsMappingsProvider' of type [org.springframework.cloud.client.loadbalancer.LoadBalancerDefaultMappingsProviderAutoConfiguration$$Lambda$659/0x00000008005ffc40] is not eligible for getting processed by all BeanPostProcessors (for example: not eligible for auto-proxying)
17:03:12.406-[DESKTOP-FSAK1AQ][sys]-- INFO 14040 --- [           main] trationDelegate$BeanPostProcessorChecker : Bean 'defaultsBindHandlerAdvisor' of type [org.springframework.cloud.commons.config.DefaultsBindHandlerAdvisor] is not eligible for getting processed by all BeanPostProcessors (for example: not eligible for auto-proxying)
17:03:12.420-[DESKTOP-FSAK1AQ][sys]-- INFO 14040 --- [           main] trationDelegate$BeanPostProcessorChecker : Bean 'spring.cloud.sentinel-com.alibaba.cloud.sentinel.SentinelProperties' of type [com.alibaba.cloud.sentinel.SentinelProperties] is not eligible for getting processed by all BeanPostProcessors (for example: not eligible for auto-proxying)
17:03:12.421-[DESKTOP-FSAK1AQ][sys]-- INFO 14040 --- [           main] trationDelegate$BeanPostProcessorChecker : Bean 'com.alibaba.cloud.sentinel.custom.SentinelAutoConfiguration' of type [com.alibaba.cloud.sentinel.custom.SentinelAutoConfiguration] is not eligible for getting processed by all BeanPostProcessors (for example: not eligible for auto-proxying)
17:03:12.528-[DESKTOP-FSAK1AQ][sys]-- INFO 14040 --- [           main] o.s.b.w.embedded.tomcat.TomcatWebServer  : Tomcat initialized with port(s): 8090 (http)
17:03:12.532-[DESKTOP-FSAK1AQ][sys]-- INFO 14040 --- [           main] o.apache.catalina.core.StandardService   : Starting service [Tomcat]
17:03:12.532-[DESKTOP-FSAK1AQ][sys]-- INFO 14040 --- [           main] org.apache.catalina.core.StandardEngine  : Starting Servlet engine: [Apache Tomcat/9.0.65]
17:03:12.596-[DESKTOP-FSAK1AQ][sys]-- INFO 14040 --- [           main] o.a.c.c.C.[Tomcat].[localhost].[/]       : Initializing Spring embedded WebApplicationContext
17:03:12.596-[DESKTOP-FSAK1AQ][sys]-- INFO 14040 --- [           main] w.s.c.ServletWebServerApplicationContext : Root WebApplicationContext: initialization completed in 840 ms
17:03:12.717-[DESKTOP-FSAK1AQ][sys]-- INFO 14040 --- [           main] o.s.c.openfeign.FeignClientFactoryBean   : For 'user-service' URL not provided. Will try picking an instance via load-balancing.
17:03:13.393-[DESKTOP-FSAK1AQ][sys]-- INFO 14040 --- [           main] o.s.c.openfeign.FeignClientFactoryBean   : For 'remark-service' URL not provided. Will try picking an instance via load-balancing.
17:03:13.514-[DESKTOP-FSAK1AQ][sys]-- INFO 14040 --- [           main] o.s.c.openfeign.FeignClientFactoryBean   : For 'course-service' URL not provided. Will try picking an instance via load-balancing.
17:03:13.536-[DESKTOP-FSAK1AQ][sys]-- INFO 14040 --- [           main] o.s.c.openfeign.FeignClientFactoryBean   : For 'course-service' URL not provided. Will try picking an instance via load-balancing.
17:03:13.543-[DESKTOP-FSAK1AQ][sys]-- INFO 14040 --- [           main] o.s.c.openfeign.FeignClientFactoryBean   : For 'course-service' URL not provided. Will try picking an instance via load-balancing.
17:03:13.552-[DESKTOP-FSAK1AQ][sys]-- INFO 14040 --- [           main] o.s.c.openfeign.FeignClientFactoryBean   : For 'search-service' URL not provided. Will try picking an instance via load-balancing.
17:03:14.032-[DESKTOP-FSAK1AQ][sys]-- INFO 14040 --- [           main] c.a.c.sentinel.SentinelWebMvcConfigurer  : [Sentinel Starter] register SentinelWebInterceptor with urlPatterns: [/**].
17:03:14.203-[DESKTOP-FSAK1AQ][sys]-- INFO 14040 --- [           main] o.s.c.openfeign.FeignClientFactoryBean   : For 'auth-service' URL not provided. Will try picking an instance via load-balancing.
17:03:14.223-[DESKTOP-FSAK1AQ][sys]--DEBUG 14040 --- [           main] c.t.c.a.redisson.RedissonConfig          : 尝试初始化RedissonClient
17:03:14.246-[DESKTOP-FSAK1AQ][sys]-- INFO 14040 --- [           main] org.redisson.Version                     : Redisson 3.13.6
17:03:14.459-[DESKTOP-FSAK1AQ][sys]-- INFO 14040 --- [sson-netty-4-21] o.r.c.pool.MasterPubSubConnectionPool    : 1 connections initialized for /192.168.150.101:6379
17:03:14.472-[DESKTOP-FSAK1AQ][sys]-- INFO 14040 --- [sson-netty-4-21] o.r.c.pool.MasterConnectionPool          : 24 connections initialized for /192.168.150.101:6379
17:03:14.505-[DESKTOP-FSAK1AQ][sys]-- INFO 14040 --- [           main] c.t.c.autoconfigure.xxljob.XxlJobConfig  : >>>>>>>>>>> xxl-job config init.
17:03:14.505-[DESKTOP-FSAK1AQ][sys]-- INFO 14040 --- [           main] c.t.c.autoconfigure.xxljob.XxlJobConfig  : >>>>>>>>>>> xxl-job config end.
17:03:15.810-[DESKTOP-FSAK1AQ][sys]-- INFO 14040 --- [           main] o.s.cloud.commons.util.InetUtils         : Cannot determine local hostname
17:03:15.911-[DESKTOP-FSAK1AQ][sys]-- INFO 14040 --- [           main] c.xxl.job.core.executor.XxlJobExecutor   : >>>>>>>>>>> xxl-job register jobhandler success, name:savePointsBoard2Db, jobHandler:com.xxl.job.core.handler.impl.MethodJobHandler@3d306fd5[class com.tianji.learning.handler.PointsBoardPersistentHandler#savePointsBoard2Db]
17:03:15.911-[DESKTOP-FSAK1AQ][sys]-- INFO 14040 --- [           main] c.xxl.job.core.executor.XxlJobExecutor   : >>>>>>>>>>> xxl-job register jobhandler success, name:savePointsBoardToOtherTable, jobHandler:com.xxl.job.core.handler.impl.MethodJobHandler@4ba56bbe[class com.tianji.learning.handler.PointsBoardPersistentHandler#savePointsBoardToOtherTable]
17:03:15.911-[DESKTOP-FSAK1AQ][sys]-- INFO 14040 --- [           main] c.xxl.job.core.executor.XxlJobExecutor   : >>>>>>>>>>> xxl-job register jobhandler success, name:createTableJob, jobHandler:com.xxl.job.core.handler.impl.MethodJobHandler@8ae7e03[class com.tianji.learning.handler.PointsBoardPersistentHandler#createPointsBoardTableOfLastSeason]
17:03:15.911-[DESKTOP-FSAK1AQ][sys]-- INFO 14040 --- [           main] c.xxl.job.core.executor.XxlJobExecutor   : >>>>>>>>>>> xxl-job register jobhandler success, name:createPointsBoardTableBySeason, jobHandler:com.xxl.job.core.handler.impl.MethodJobHandler@551bc2c6[class com.tianji.learning.handler.PointsBoardPersistentHandler#createPointsBoardTableBySeason]
17:03:15.911-[DESKTOP-FSAK1AQ][sys]-- INFO 14040 --- [           main] c.xxl.job.core.executor.XxlJobExecutor   : >>>>>>>>>>> xxl-job register jobhandler success, name:clearPointsBoardFromRedis, jobHandler:com.xxl.job.core.handler.impl.MethodJobHandler@6b6b4177[class com.tianji.learning.handler.PointsBoardPersistentHandler#clearPointsBoardFromRedis]
17:03:15.911-[DESKTOP-FSAK1AQ][sys]-- INFO 14040 --- [           main] c.xxl.job.core.executor.XxlJobExecutor   : >>>>>>>>>>> xxl-job register jobhandler success, name:deletePointsBoard, jobHandler:com.xxl.job.core.handler.impl.MethodJobHandler@bf32f3f[class com.tianji.learning.handler.PointsBoardPersistentHandler#deletePointsBoard]
17:03:15.932-[DESKTOP-FSAK1AQ][sys]-- INFO 14040 --- [           main] o.s.c.openfeign.FeignClientFactoryBean   : For 'course-service' URL not provided. Will try picking an instance via load-balancing.
17:03:15.940-[DESKTOP-FSAK1AQ][sys]-- INFO 14040 --- [           main] o.s.c.openfeign.FeignClientFactoryBean   : For 'exam-service' URL not provided. Will try picking an instance via load-balancing.
17:03:15.950-[DESKTOP-FSAK1AQ][sys]-- INFO 14040 --- [           main] o.s.c.openfeign.FeignClientFactoryBean   : For 'learning-service' URL not provided. Will try picking an instance via load-balancing.
17:03:15.958-[DESKTOP-FSAK1AQ][sys]-- INFO 14040 --- [           main] o.s.c.openfeign.FeignClientFactoryBean   : For 'trade-service' URL not provided. Will try picking an instance via load-balancing.
17:03:16.016-[DESKTOP-FSAK1AQ][sys]-- INFO 14040 --- [      Thread-12] com.xxl.job.core.server.EmbedServer      : >>>>>>>>>>> xxl-job remoting server start success, nettype = class com.xxl.job.core.server.EmbedServer, port = 9999
17:03:16.085-[DESKTOP-FSAK1AQ][sys]-- INFO 14040 --- [           main] com.alibaba.nacos.client.naming          : initializer namespace from System Property :null
17:03:16.085-[DESKTOP-FSAK1AQ][sys]-- INFO 14040 --- [           main] com.alibaba.nacos.client.naming          : initializer namespace from System Environment :null
17:03:16.085-[DESKTOP-FSAK1AQ][sys]-- INFO 14040 --- [           main] com.alibaba.nacos.client.naming          : initializer namespace from System Property :null
17:03:16.117-[DESKTOP-FSAK1AQ][sys]-- INFO 14040 --- [           main] o.s.b.w.embedded.tomcat.TomcatWebServer  : Tomcat started on port(s): 8090 (http) with context path ''
17:03:16.120-[DESKTOP-FSAK1AQ][sys]-- INFO 14040 --- [           main] com.alibaba.nacos.client.naming          : [BEAT] adding beat: BeatInfo{port=8090, ip='192.168.150.1', weight=1.0, serviceName='DEFAULT_GROUP@@learning-service', cluster='DEFAULT', metadata={preserved.register.source=SPRING_CLOUD}, scheduled=false, period=5000, stopped=false} to beat map.
17:03:16.121-[DESKTOP-FSAK1AQ][sys]-- INFO 14040 --- [           main] com.alibaba.nacos.client.naming          : [REGISTER-SERVICE] f923fb34-cb0a-4c06-8fca-ad61ea61a3f0 registering service DEFAULT_GROUP@@learning-service with instance: Instance{instanceId='null', ip='192.168.150.1', port=8090, weight=1.0, healthy=true, enabled=true, ephemeral=true, clusterName='DEFAULT', serviceName='null', metadata={preserved.register.source=SPRING_CLOUD}}
17:03:16.124-[DESKTOP-FSAK1AQ][sys]-- INFO 14040 --- [           main] c.a.c.n.registry.NacosServiceRegistry    : nacos registry, DEFAULT_GROUP learning-service 192.168.150.1:8090 register finished
17:03:16.689-[DESKTOP-FSAK1AQ][sys]-- INFO 14040 --- [g.push.receiver] com.alibaba.nacos.client.naming          : received push data: {"type":"dom","data":"{\"name\":\"DEFAULT_GROUP@@learning-service\",\"clusters\":\"DEFAULT\",\"cacheMillis\":10000,\"hosts\":[{\"instanceId\":\"192.168.150.1#8090#DEFAULT#DEFAULT_GROUP@@learning-service\",\"ip\":\"192.168.150.1\",\"port\":8090,\"weight\":1.0,\"healthy\":true,\"enabled\":true,\"ephemeral\":true,\"clusterName\":\"DEFAULT\",\"serviceName\":\"DEFAULT_GROUP@@learning-service\",\"metadata\":{\"preserved.register.source\":\"SPRING_CLOUD\"},\"instanceHeartBeatInterval\":5000,\"instanceHeartBeatTimeOut\":15000,\"ipDeleteTimeout\":30000}],\"lastRefTime\":1745053396782,\"checksum\":\"\",\"allIPs\":false,\"reachProtectionThreshold\":false,\"valid\":true}","lastRefTime":426027669462} from /192.168.150.101
17:03:16.694-[DESKTOP-FSAK1AQ][sys]-- INFO 14040 --- [g.push.receiver] com.alibaba.nacos.client.naming          : new ips(1) service: DEFAULT_GROUP@@learning-service@@DEFAULT -> [{"instanceId":"192.168.150.1#8090#DEFAULT#DEFAULT_GROUP@@learning-service","ip":"192.168.150.1","port":8090,"weight":1.0,"healthy":true,"enabled":true,"ephemeral":true,"clusterName":"DEFAULT","serviceName":"DEFAULT_GROUP@@learning-service","metadata":{"preserved.register.source":"SPRING_CLOUD"},"ipDeleteTimeout":30000,"instanceHeartBeatTimeOut":15000,"instanceHeartBeatInterval":5000}]
17:03:16.701-[DESKTOP-FSAK1AQ][sys]-- INFO 14040 --- [g.push.receiver] com.alibaba.nacos.client.naming          : current ips:(1) service: DEFAULT_GROUP@@learning-service@@DEFAULT -> [{"instanceId":"192.168.150.1#8090#DEFAULT#DEFAULT_GROUP@@learning-service","ip":"192.168.150.1","port":8090,"weight":1.0,"healthy":true,"enabled":true,"ephemeral":true,"clusterName":"DEFAULT","serviceName":"DEFAULT_GROUP@@learning-service","metadata":{"preserved.register.source":"SPRING_CLOUD"},"ipDeleteTimeout":30000,"instanceHeartBeatTimeOut":15000,"instanceHeartBeatInterval":5000}]
17:03:17.319-[DESKTOP-FSAK1AQ][sys]-- INFO 14040 --- [           main] o.s.cloud.commons.util.InetUtils         : Cannot determine local hostname
17:03:17.484-[DESKTOP-FSAK1AQ][sys]-- INFO 14040 --- [           main] o.s.a.r.c.CachingConnectionFactory       : Attempting to connect to: [192.168.150.101:5672]
17:03:17.500-[DESKTOP-FSAK1AQ][sys]-- INFO 14040 --- [           main] o.s.a.r.c.CachingConnectionFactory       : Created new connection: rabbitConnectionFactory#558575fe:0/SimpleConnection@4fe0aa21 [delegate=amqp://tjxt@192.168.150.101:5672//tjxt, localPort= 54349]
17:03:17.566-[DESKTOP-FSAK1AQ][sys]-- INFO 14040 --- [           main] com.tianji.learning.LearningApplication  : Started LearningApplication in 8.776 seconds (JVM running for 9.231)
17:03:17.568-[DESKTOP-FSAK1AQ][sys]-- INFO 14040 --- [           main] c.a.n.client.config.impl.ClientWorker    : [fixed-192.168.150.101_8848] [subscribe] learning-service-local.yaml+DEFAULT_GROUP
17:03:17.568-[DESKTOP-FSAK1AQ][sys]-- INFO 14040 --- [           main] c.a.nacos.client.config.impl.CacheData   : [fixed-192.168.150.101_8848] [add-listener] ok, tenant=, dataId=learning-service-local.yaml, group=DEFAULT_GROUP, cnt=1
17:03:17.568-[DESKTOP-FSAK1AQ][sys]-- INFO 14040 --- [           main] c.a.c.n.refresh.NacosContextRefresher    : listening config: dataId=learning-service-local.yaml, group=DEFAULT_GROUP
17:03:17.568-[DESKTOP-FSAK1AQ][sys]-- INFO 14040 --- [           main] c.a.n.client.config.impl.ClientWorker    : [fixed-192.168.150.101_8848] [subscribe] learning-service.yaml+DEFAULT_GROUP
17:03:17.568-[DESKTOP-FSAK1AQ][sys]-- INFO 14040 --- [           main] c.a.nacos.client.config.impl.CacheData   : [fixed-192.168.150.101_8848] [add-listener] ok, tenant=, dataId=learning-service.yaml, group=DEFAULT_GROUP, cnt=1
17:03:17.568-[DESKTOP-FSAK1AQ][sys]-- INFO 14040 --- [           main] c.a.c.n.refresh.NacosContextRefresher    : listening config: dataId=learning-service.yaml, group=DEFAULT_GROUP
17:03:17.568-[DESKTOP-FSAK1AQ][sys]-- INFO 14040 --- [           main] c.a.n.client.config.impl.ClientWorker    : [fixed-192.168.150.101_8848] [subscribe] learning-service+DEFAULT_GROUP
17:03:17.568-[DESKTOP-FSAK1AQ][sys]-- INFO 14040 --- [           main] c.a.nacos.client.config.impl.CacheData   : [fixed-192.168.150.101_8848] [add-listener] ok, tenant=, dataId=learning-service, group=DEFAULT_GROUP, cnt=1
17:03:17.568-[DESKTOP-FSAK1AQ][sys]-- INFO 14040 --- [           main] c.a.c.n.refresh.NacosContextRefresher    : listening config: dataId=learning-service, group=DEFAULT_GROUP
17:03:17.569-[DESKTOP-FSAK1AQ][sys]-- INFO 14040 --- [           main] com.tianji.learning.LearningApplication  : --/
---------------------------------------------------------------------------------------
	Application 'learning-service' is running! Access URLs:
	Local: 		http://localhost:8090
	External: 	http://192.168.150.1:8090
	Profile(s): 	[local]
---------------------------------------------------------------------------------------
17:04:31.112-[DESKTOP-FSAK1AQ][sys]-- WARN 14040 --- [      Thread-19] c.a.nacos.common.notify.NotifyCenter     : [NotifyCenter] Start destroying Publisher
17:04:31.112-[DESKTOP-FSAK1AQ][sys]-- WARN 14040 --- [       Thread-1] c.a.n.common.http.HttpClientBeanHolder   : [HttpClientBeanHolder] Start destroying common HttpClient
17:04:31.112-[DESKTOP-FSAK1AQ][sys]-- WARN 14040 --- [      Thread-19] c.a.nacos.common.notify.NotifyCenter     : [NotifyCenter] Destruction of the end
17:04:31.112-[DESKTOP-FSAK1AQ][sys]-- WARN 14040 --- [       Thread-1] c.a.n.common.http.HttpClientBeanHolder   : [HttpClientBeanHolder] Destruction of the end
17:04:31.117-[DESKTOP-FSAK1AQ][sys]-- INFO 14040 --- [ntContainer#0-2] o.s.a.r.l.SimpleMessageListenerContainer : Waiting for workers to finish.
17:04:31.118-[DESKTOP-FSAK1AQ][sys]-- INFO 14040 --- [ntContainer#1-2] o.s.a.r.l.SimpleMessageListenerContainer : Waiting for workers to finish.
17:04:31.118-[DESKTOP-FSAK1AQ][sys]-- INFO 14040 --- [ntContainer#2-2] o.s.a.r.l.SimpleMessageListenerContainer : Waiting for workers to finish.
17:04:31.119-[DESKTOP-FSAK1AQ][sys]-- INFO 14040 --- [ntContainer#3-2] o.s.a.r.l.SimpleMessageListenerContainer : Waiting for workers to finish.
17:04:31.120-[DESKTOP-FSAK1AQ][sys]-- INFO 14040 --- [ntContainer#4-2] o.s.a.r.l.SimpleMessageListenerContainer : Waiting for workers to finish.
17:04:31.120-[DESKTOP-FSAK1AQ][sys]-- INFO 14040 --- [ntContainer#5-2] o.s.a.r.l.SimpleMessageListenerContainer : Waiting for workers to finish.
17:04:31.121-[DESKTOP-FSAK1AQ][sys]-- INFO 14040 --- [ntContainer#6-2] o.s.a.r.l.SimpleMessageListenerContainer : Waiting for workers to finish.
17:04:31.121-[DESKTOP-FSAK1AQ][sys]-- INFO 14040 --- [ntContainer#7-2] o.s.a.r.l.SimpleMessageListenerContainer : Waiting for workers to finish.
17:04:31.122-[DESKTOP-FSAK1AQ][sys]-- INFO 14040 --- [ntContainer#8-2] o.s.a.r.l.SimpleMessageListenerContainer : Waiting for workers to finish.
17:04:31.841-[DESKTOP-FSAK1AQ][sys]-- INFO 14040 --- [ntContainer#2-2] o.s.a.r.l.SimpleMessageListenerContainer : Successfully waited for workers to finish.
17:04:31.841-[DESKTOP-FSAK1AQ][sys]-- INFO 14040 --- [ntContainer#3-2] o.s.a.r.l.SimpleMessageListenerContainer : Successfully waited for workers to finish.
17:04:31.841-[DESKTOP-FSAK1AQ][sys]-- INFO 14040 --- [ntContainer#0-2] o.s.a.r.l.SimpleMessageListenerContainer : Successfully waited for workers to finish.
17:04:31.841-[DESKTOP-FSAK1AQ][sys]-- INFO 14040 --- [ntContainer#4-2] o.s.a.r.l.SimpleMessageListenerContainer : Successfully waited for workers to finish.
17:04:31.841-[DESKTOP-FSAK1AQ][sys]-- INFO 14040 --- [ntContainer#1-2] o.s.a.r.l.SimpleMessageListenerContainer : Successfully waited for workers to finish.
17:04:31.899-[DESKTOP-FSAK1AQ][sys]-- INFO 14040 --- [ntContainer#8-2] o.s.a.r.l.SimpleMessageListenerContainer : Successfully waited for workers to finish.
17:04:31.900-[DESKTOP-FSAK1AQ][sys]-- INFO 14040 --- [ntContainer#5-2] o.s.a.r.l.SimpleMessageListenerContainer : Successfully waited for workers to finish.
17:04:31.915-[DESKTOP-FSAK1AQ][sys]-- INFO 14040 --- [ntContainer#6-2] o.s.a.r.l.SimpleMessageListenerContainer : Successfully waited for workers to finish.
17:04:31.915-[DESKTOP-FSAK1AQ][sys]-- INFO 14040 --- [ntContainer#7-2] o.s.a.r.l.SimpleMessageListenerContainer : Successfully waited for workers to finish.
17:04:32.049-[DESKTOP-FSAK1AQ][sys]-- INFO 14040 --- [      Thread-12] com.xxl.job.core.server.EmbedServer      : >>>>>>>>>>> xxl-job remoting server stop.
17:04:32.053-[DESKTOP-FSAK1AQ][sys]-- INFO 14040 --- [rRegistryThread] c.x.j.c.thread.ExecutorRegistryThread    : >>>>>>>>>>> xxl-job registry-remove success, registryParam:RegistryParam{registryGroup='EXECUTOR', registryKey='learning-service', registryValue='http://192.168.150.1:9999/'}, registryResult:ReturnT [code=200, msg=null, content=null]
17:04:32.053-[DESKTOP-FSAK1AQ][sys]-- INFO 14040 --- [rRegistryThread] c.x.j.c.thread.ExecutorRegistryThread    : >>>>>>>>>>> xxl-job, executor registry thread destroy.
17:04:32.053-[DESKTOP-FSAK1AQ][sys]-- INFO 14040 --- [ionShutdownHook] com.xxl.job.core.server.EmbedServer      : >>>>>>>>>>> xxl-job remoting server destroy success.
17:04:32.053-[DESKTOP-FSAK1AQ][sys]-- INFO 14040 --- [FileCleanThread] c.x.j.core.thread.JobLogFileCleanThread  : >>>>>>>>>>> xxl-job, executor JobLogFileCleanThread thread destroy.
17:04:32.053-[DESKTOP-FSAK1AQ][sys]-- INFO 14040 --- [rCallbackThread] c.x.j.core.thread.TriggerCallbackThread  : >>>>>>>>>>> xxl-job, executor callback thread destroy.
17:04:32.053-[DESKTOP-FSAK1AQ][sys]-- INFO 14040 --- [      Thread-11] c.x.j.core.thread.TriggerCallbackThread  : >>>>>>>>>>> xxl-job, executor retry callback thread destroy.
17:04:32.068-[DESKTOP-FSAK1AQ][sys]-- INFO 14040 --- [ionShutdownHook] c.a.c.n.registry.NacosServiceRegistry    : De-registering from Nacos Server now...
17:04:32.068-[DESKTOP-FSAK1AQ][sys]-- INFO 14040 --- [ionShutdownHook] com.alibaba.nacos.client.naming          : [BEAT] removing beat: DEFAULT_GROUP@@learning-service:192.168.150.1:8090 from beat map.
17:04:32.068-[DESKTOP-FSAK1AQ][sys]-- INFO 14040 --- [ionShutdownHook] com.alibaba.nacos.client.naming          : [DEREGISTER-SERVICE] f923fb34-cb0a-4c06-8fca-ad61ea61a3f0 deregistering service DEFAULT_GROUP@@learning-service with instance: Instance{instanceId='null', ip='192.168.150.1', port=8090, weight=1.0, healthy=true, enabled=true, ephemeral=true, clusterName='DEFAULT', serviceName='null', metadata={}}
17:04:32.070-[DESKTOP-FSAK1AQ][sys]-- INFO 14040 --- [ionShutdownHook] c.a.c.n.registry.NacosServiceRegistry    : De-registration finished.
17:04:32.070-[DESKTOP-FSAK1AQ][sys]-- INFO 14040 --- [ionShutdownHook] com.alibaba.nacos.client.naming          : com.alibaba.nacos.client.naming.beat.BeatReactor do shutdown begin
17:04:32.658-[DESKTOP-FSAK1AQ][sys]-- INFO 14040 --- [g.push.receiver] com.alibaba.nacos.client.naming          : received push data: {"type":"dom","data":"{\"name\":\"DEFAULT_GROUP@@learning-service\",\"clusters\":\"DEFAULT\",\"cacheMillis\":10000,\"hosts\":[],\"lastRefTime\":1745053472752,\"checksum\":\"\",\"allIPs\":false,\"reachProtectionThreshold\":false,\"valid\":true}","lastRefTime":501997222014} from /192.168.150.101
17:04:32.658-[DESKTOP-FSAK1AQ][sys]-- INFO 14040 --- [g.push.receiver] com.alibaba.nacos.client.naming          : removed ips(1) service: DEFAULT_GROUP@@learning-service@@DEFAULT -> [{"instanceId":"192.168.150.1#8090#DEFAULT#DEFAULT_GROUP@@learning-service","ip":"192.168.150.1","port":8090,"weight":1.0,"healthy":true,"enabled":true,"ephemeral":true,"clusterName":"DEFAULT","serviceName":"DEFAULT_GROUP@@learning-service","metadata":{"preserved.register.source":"SPRING_CLOUD"},"ipDeleteTimeout":30000,"instanceHeartBeatTimeOut":15000,"instanceHeartBeatInterval":5000}]
17:04:32.665-[DESKTOP-FSAK1AQ][sys]-- INFO 14040 --- [g.push.receiver] com.alibaba.nacos.client.naming          : current ips:(0) service: DEFAULT_GROUP@@learning-service@@DEFAULT -> []
17:04:35.098-[DESKTOP-FSAK1AQ][sys]-- INFO 14040 --- [ionShutdownHook] com.alibaba.nacos.client.naming          : com.alibaba.nacos.client.naming.beat.BeatReactor do shutdown stop
17:04:35.099-[DESKTOP-FSAK1AQ][sys]-- INFO 14040 --- [ionShutdownHook] com.alibaba.nacos.client.naming          : com.alibaba.nacos.client.naming.core.HostReactor do shutdown begin
17:04:37.209-[DESKTOP-FSAK1AQ][sys]-- INFO 14040 --- [ionShutdownHook] com.alibaba.nacos.client.naming          : com.alibaba.nacos.client.naming.core.PushReceiver do shutdown begin
17:04:40.239-[DESKTOP-FSAK1AQ][sys]-- INFO 14040 --- [ionShutdownHook] com.alibaba.nacos.client.naming          : com.alibaba.nacos.client.naming.core.PushReceiver do shutdown stop
17:04:40.239-[DESKTOP-FSAK1AQ][sys]-- INFO 14040 --- [ionShutdownHook] com.alibaba.nacos.client.naming          : com.alibaba.nacos.client.naming.backups.FailoverReactor do shutdown begin
17:04:40.239-[DESKTOP-FSAK1AQ][sys]-- INFO 14040 --- [ionShutdownHook] com.alibaba.nacos.client.naming          : com.alibaba.nacos.client.naming.backups.FailoverReactor do shutdown stop
17:04:40.239-[DESKTOP-FSAK1AQ][sys]-- INFO 14040 --- [ionShutdownHook] com.alibaba.nacos.client.naming          : com.alibaba.nacos.client.naming.core.HostReactor do shutdown stop
17:04:40.239-[DESKTOP-FSAK1AQ][sys]-- INFO 14040 --- [ionShutdownHook] com.alibaba.nacos.client.naming          : com.alibaba.nacos.client.naming.net.NamingProxy do shutdown begin
17:04:40.240-[DESKTOP-FSAK1AQ][sys]-- WARN 14040 --- [ionShutdownHook] com.alibaba.nacos.client.naming          : [NamingHttpClientManager] Start destroying NacosRestTemplate
17:04:40.240-[DESKTOP-FSAK1AQ][sys]-- WARN 14040 --- [ionShutdownHook] com.alibaba.nacos.client.naming          : [NamingHttpClientManager] Destruction of the end
17:04:40.240-[DESKTOP-FSAK1AQ][sys]-- INFO 14040 --- [ionShutdownHook] c.a.n.client.identify.CredentialWatcher  : [null] CredentialWatcher is stopped
17:04:40.240-[DESKTOP-FSAK1AQ][sys]-- INFO 14040 --- [ionShutdownHook] c.a.n.client.identify.CredentialService  : [null] CredentialService is freed
17:04:40.240-[DESKTOP-FSAK1AQ][sys]-- INFO 14040 --- [ionShutdownHook] com.alibaba.nacos.client.naming          : com.alibaba.nacos.client.naming.net.NamingProxy do shutdown stop
17:04:40.243-[DESKTOP-FSAK1AQ][sys]--DEBUG 14040 --- [ionShutdownHook] c.t.l.u.LearningRecordDelayTaskHandler   : 延迟任务停止执行！
17:04:40.254-[DESKTOP-FSAK1AQ][sys]-- INFO 14040 --- [ionShutdownHook] o.s.a.r.l.SimpleMessageListenerContainer : Shutdown ignored - container is already stopped
17:04:40.254-[DESKTOP-FSAK1AQ][sys]-- INFO 14040 --- [ionShutdownHook] o.s.a.r.l.SimpleMessageListenerContainer : Shutdown ignored - container is already stopped
17:04:40.254-[DESKTOP-FSAK1AQ][sys]-- INFO 14040 --- [ionShutdownHook] o.s.a.r.l.SimpleMessageListenerContainer : Shutdown ignored - container is already stopped
17:04:40.254-[DESKTOP-FSAK1AQ][sys]-- INFO 14040 --- [ionShutdownHook] o.s.a.r.l.SimpleMessageListenerContainer : Shutdown ignored - container is already stopped
17:04:40.254-[DESKTOP-FSAK1AQ][sys]-- INFO 14040 --- [ionShutdownHook] o.s.a.r.l.SimpleMessageListenerContainer : Shutdown ignored - container is already stopped
17:04:40.254-[DESKTOP-FSAK1AQ][sys]-- INFO 14040 --- [ionShutdownHook] o.s.a.r.l.SimpleMessageListenerContainer : Shutdown ignored - container is already stopped
17:04:40.254-[DESKTOP-FSAK1AQ][sys]-- INFO 14040 --- [ionShutdownHook] o.s.a.r.l.SimpleMessageListenerContainer : Shutdown ignored - container is already stopped
17:04:40.254-[DESKTOP-FSAK1AQ][sys]-- INFO 14040 --- [ionShutdownHook] o.s.a.r.l.SimpleMessageListenerContainer : Shutdown ignored - container is already stopped
17:04:40.254-[DESKTOP-FSAK1AQ][sys]-- INFO 14040 --- [ionShutdownHook] o.s.a.r.l.SimpleMessageListenerContainer : Shutdown ignored - container is already stopped
